Traceback (most recent call last):
  File "/Users/cerberus/miniconda3/envs/numpy2-env/lib/python3.11/site-packages/jupyter_cache/executors/utils.py", line 58, in single_nb_execution
    executenb(
  File "/Users/cerberus/miniconda3/envs/numpy2-env/lib/python3.11/site-packages/nbclient/client.py", line 1305, in execute
    return NotebookClient(nb=nb, resources=resources, km=km, **kwargs).execute()
           ^^^^^^^^^^^^^^^^^^^^^^^^^^^^^^^^^^^^^^^^^^^^^^^^^^^^^^^^^^^^^^^^^^^^^
  File "/Users/cerberus/miniconda3/envs/numpy2-env/lib/python3.11/site-packages/jupyter_core/utils/__init__.py", line 166, in wrapped
    return loop.run_until_complete(inner)
           ^^^^^^^^^^^^^^^^^^^^^^^^^^^^^^
  File "/Users/cerberus/miniconda3/envs/numpy2-env/lib/python3.11/asyncio/base_events.py", line 653, in run_until_complete
    return future.result()
           ^^^^^^^^^^^^^^^
  File "/Users/cerberus/miniconda3/envs/numpy2-env/lib/python3.11/site-packages/nbclient/client.py", line 705, in async_execute
    await self.async_execute_cell(
  File "/Users/cerberus/miniconda3/envs/numpy2-env/lib/python3.11/site-packages/nbclient/client.py", line 1058, in async_execute_cell
    await self._check_raise_for_error(cell, cell_index, exec_reply)
  File "/Users/cerberus/miniconda3/envs/numpy2-env/lib/python3.11/site-packages/nbclient/client.py", line 914, in _check_raise_for_error
    raise CellExecutionError.from_cell_and_msg(cell, exec_reply_content)
nbclient.exceptions.CellExecutionError: An error occurred while executing the following cell:
------------------
import altair as alt
import numpy as np
import pandas as pd
------------------


[0;31m---------------------------------------------------------------------------[0m
[0;31mModuleNotFoundError[0m                       Traceback (most recent call last)
Cell [0;32mIn[1], line 1[0m
[0;32m----> 1[0m [38;5;28;01mimport[39;00m [38;5;21;01maltair[39;00m [38;5;28;01mas[39;00m [38;5;21;01malt[39;00m
[1;32m      2[0m [38;5;28;01mimport[39;00m [38;5;21;01mnumpy[39;00m [38;5;28;01mas[39;00m [38;5;21;01mnp[39;00m
[1;32m      3[0m [38;5;28;01mimport[39;00m [38;5;21;01mpandas[39;00m [38;5;28;01mas[39;00m [38;5;21;01mpd[39;00m

File [0;32m~/miniconda3/envs/numpy2-env/lib/python3.11/site-packages/altair/__init__.py:620[0m
[1;32m    616[0m [38;5;28;01mdef[39;00m [38;5;21m__dir__[39m():
[1;32m    617[0m     [38;5;28;01mreturn[39;00m __all__
[0;32m--> 620[0m [38;5;28;01mfrom[39;00m [38;5;21;01m.[39;00m[38;5;21;01mvegalite[39;00m [38;5;28;01mimport[39;00m [38;5;241m*[39m
[1;32m    621[0m [38;5;28;01mfrom[39;00m [38;5;21;01m.[39;00m[38;5;21;01mjupyter[39;00m [38;5;28;01mimport[39;00m JupyterChart
[1;32m    624[0m [38;5;28;01mdef[39;00m [38;5;21mload_ipython_extension[39m(ipython):

File [0;32m~/miniconda3/envs/numpy2-env/lib/python3.11/site-packages/altair/vegalite/__init__.py:2[0m
[1;32m      1[0m [38;5;66;03m# ruff: noqa[39;00m
[0;32m----> 2[0m [38;5;28;01mfrom[39;00m [38;5;21;01m.[39;00m[38;5;21;01mv5[39;00m [38;5;28;01mimport[39;00m [38;5;241m*[39m

File [0;32m~/miniconda3/envs/numpy2-env/lib/python3.11/site-packages/altair/vegalite/v5/__init__.py:2[0m
[1;32m      1[0m [38;5;66;03m# ruff: noqa[39;00m
[0;32m----> 2[0m [38;5;28;01mfrom[39;00m [38;5;21;01m.[39;00m[38;5;21;01mschema[39;00m [38;5;28;01mimport[39;00m [38;5;241m*[39m
[1;32m      3[0m [38;5;28;01mfrom[39;00m [38;5;21;01m.[39;00m[38;5;21;01mapi[39;00m [38;5;28;01mimport[39;00m [38;5;241m*[39m
[1;32m      5[0m [38;5;28;01mfrom[39;00m [38;5;21;01m.[39;00m[38;5;21;01m.[39;00m[38;5;21;01m.[39;00m[38;5;21;01mexpr[39;00m [38;5;28;01mimport[39;00m datum, expr  [38;5;66;03m# type: ignore[no-redef][39;00m

File [0;32m~/miniconda3/envs/numpy2-env/lib/python3.11/site-packages/altair/vegalite/v5/schema/__init__.py:3[0m
[1;32m      1[0m [38;5;66;03m# ruff: noqa[39;00m
[0;32m----> 3[0m [38;5;28;01mfrom[39;00m [38;5;21;01m.[39;00m[38;5;21;01mcore[39;00m [38;5;28;01mimport[39;00m [38;5;241m*[39m
[1;32m      4[0m [38;5;28;01mfrom[39;00m [38;5;21;01m.[39;00m[38;5;21;01mchannels[39;00m [38;5;28;01mimport[39;00m [38;5;241m*[39m  [38;5;66;03m# type: ignore[assignment][39;00m
[1;32m      6[0m SCHEMA_VERSION [38;5;241m=[39m [38;5;124m"[39m[38;5;124mv5.17.0[39m[38;5;124m"[39m

File [0;32m~/miniconda3/envs/numpy2-env/lib/python3.11/site-packages/altair/vegalite/v5/schema/core.py:7[0m
[1;32m      5[0m [38;5;28;01mfrom[39;00m [38;5;21;01mtyping[39;00m [38;5;28;01mimport[39;00m Dict [38;5;28;01mas[39;00m TypingDict
[1;32m      6[0m [38;5;28;01mfrom[39;00m [38;5;21;01mtyping[39;00m [38;5;28;01mimport[39;00m Generator [38;5;28;01mas[39;00m TypingGenerator
[0;32m----> 7[0m [38;5;28;01mfrom[39;00m [38;5;21;01maltair[39;00m[38;5;21;01m.[39;00m[38;5;21;01mutils[39;00m[38;5;21;01m.[39;00m[38;5;21;01mschemapi[39;00m [38;5;28;01mimport[39;00m SchemaBase, Undefined, UndefinedType, _subclasses
[1;32m      9[0m [38;5;28;01mimport[39;00m [38;5;21;01mpkgutil[39;00m
[1;32m     10[0m [38;5;28;01mimport[39;00m [38;5;21;01mjson[39;00m

File [0;32m~/miniconda3/envs/numpy2-env/lib/python3.11/site-packages/altair/utils/__init__.py:13[0m
[1;32m      1[0m [38;5;28;01mfrom[39;00m [38;5;21;01m.[39;00m[38;5;21;01mcore[39;00m [38;5;28;01mimport[39;00m (
[1;32m      2[0m     infer_vegalite_type,
[1;32m      3[0m     infer_encoding_types,
[0;32m   (...)[0m
[1;32m     10[0m     SchemaBase,
[1;32m     11[0m )
[1;32m     12[0m [38;5;28;01mfrom[39;00m [38;5;21;01m.[39;00m[38;5;21;01mhtml[39;00m [38;5;28;01mimport[39;00m spec_to_html
[0;32m---> 13[0m [38;5;28;01mfrom[39;00m [38;5;21;01m.[39;00m[38;5;21;01mplugin_registry[39;00m [38;5;28;01mimport[39;00m PluginRegistry
[1;32m     14[0m [38;5;28;01mfrom[39;00m [38;5;21;01m.[39;00m[38;5;21;01mdeprecation[39;00m [38;5;28;01mimport[39;00m AltairDeprecationWarning
[1;32m     15[0m [38;5;28;01mfrom[39;00m [38;5;21;01m.[39;00m[38;5;21;01mschemapi[39;00m [38;5;28;01mimport[39;00m Undefined

File [0;32m~/miniconda3/envs/numpy2-env/lib/python3.11/site-packages/altair/utils/plugin_registry.py:6[0m
[1;32m      2[0m [38;5;28;01mfrom[39;00m [38;5;21;01mtypes[39;00m [38;5;28;01mimport[39;00m TracebackType
[1;32m      4[0m [38;5;28;01mfrom[39;00m [38;5;21;01mimportlib[39;00m[38;5;21;01m.[39;00m[38;5;21;01mmetadata[39;00m [38;5;28;01mimport[39;00m entry_points
[0;32m----> 6[0m [38;5;28;01mfrom[39;00m [38;5;21;01mtoolz[39;00m [38;5;28;01mimport[39;00m curry
[1;32m      9[0m PluginType [38;5;241m=[39m TypeVar([38;5;124m"[39m[38;5;124mPluginType[39m[38;5;124m"[39m)
[1;32m     12[0m [38;5;28;01mclass[39;00m [38;5;21;01mNoSuchEntryPoint[39;00m([38;5;167;01mException[39;00m):

[0;31mModuleNotFoundError[0m: No module named 'toolz'

