Traceback (most recent call last):
  File "/Users/cerberus/opt/miniconda3/lib/python3.12/site-packages/jupyter_cache/executors/utils.py", line 58, in single_nb_execution
    executenb(
  File "/Users/cerberus/opt/miniconda3/lib/python3.12/site-packages/nbclient/client.py", line 1314, in execute
    return NotebookClient(nb=nb, resources=resources, km=km, **kwargs).execute()
           ^^^^^^^^^^^^^^^^^^^^^^^^^^^^^^^^^^^^^^^^^^^^^^^^^^^^^^^^^^^^^^^^^^^^^
  File "/Users/cerberus/opt/miniconda3/lib/python3.12/site-packages/jupyter_core/utils/__init__.py", line 165, in wrapped
    return loop.run_until_complete(inner)
           ^^^^^^^^^^^^^^^^^^^^^^^^^^^^^^
  File "/Users/cerberus/opt/miniconda3/lib/python3.12/asyncio/base_events.py", line 691, in run_until_complete
    return future.result()
           ^^^^^^^^^^^^^^^
  File "/Users/cerberus/opt/miniconda3/lib/python3.12/site-packages/nbclient/client.py", line 709, in async_execute
    await self.async_execute_cell(
  File "/Users/cerberus/opt/miniconda3/lib/python3.12/site-packages/nbclient/client.py", line 1062, in async_execute_cell
    await self._check_raise_for_error(cell, cell_index, exec_reply)
  File "/Users/cerberus/opt/miniconda3/lib/python3.12/site-packages/nbclient/client.py", line 918, in _check_raise_for_error
    raise CellExecutionError.from_cell_and_msg(cell, exec_reply_content)
nbclient.exceptions.CellExecutionError: An error occurred while executing the following cell:
------------------
r = np.arange(1, 35, 0.2)
psi_3s = [orbital_3s(num) for num in r]

plt.hlines(0, 0, 35, 'r', linestyles='--', label='Zero line')
plt.plot(r, psi_3s, '-', label='3s radial wave function')
plt.legend()
plt.xlabel('Radius, $a_0$')
plt.ylabel('Wavefunction, $\\Psi$');
------------------


[0;31m---------------------------------------------------------------------------[0m
[0;31mNameError[0m                                 Traceback (most recent call last)
Cell [0;32mIn[34], line 2[0m
[1;32m      1[0m r [38;5;241m=[39m np[38;5;241m.[39marange([38;5;241m1[39m, [38;5;241m35[39m, [38;5;241m0.2[39m)
[0;32m----> 2[0m psi_3s [38;5;241m=[39m [[43morbital_3s[49m(num) [38;5;28;01mfor[39;00m num [38;5;129;01min[39;00m r]
[1;32m      4[0m plt[38;5;241m.[39mhlines([38;5;241m0[39m, [38;5;241m0[39m, [38;5;241m35[39m, [38;5;124m'[39m[38;5;124mr[39m[38;5;124m'[39m, linestyles[38;5;241m=[39m[38;5;124m'[39m[38;5;124m--[39m[38;5;124m'[39m, label[38;5;241m=[39m[38;5;124m'[39m[38;5;124mZero line[39m[38;5;124m'[39m)
[1;32m      5[0m plt[38;5;241m.[39mplot(r, psi_3s, [38;5;124m'[39m[38;5;124m-[39m[38;5;124m'[39m, label[38;5;241m=[39m[38;5;124m'[39m[38;5;124m3s radial wave function[39m[38;5;124m'[39m)

[0;31mNameError[0m: name 'orbital_3s' is not defined

