Traceback (most recent call last):
  File "/Users/cerberus/opt/miniconda3/lib/python3.12/site-packages/jupyter_cache/executors/utils.py", line 58, in single_nb_execution
    executenb(
  File "/Users/cerberus/opt/miniconda3/lib/python3.12/site-packages/nbclient/client.py", line 1314, in execute
    return NotebookClient(nb=nb, resources=resources, km=km, **kwargs).execute()
           ^^^^^^^^^^^^^^^^^^^^^^^^^^^^^^^^^^^^^^^^^^^^^^^^^^^^^^^^^^^^^^^^^^^^^
  File "/Users/cerberus/opt/miniconda3/lib/python3.12/site-packages/jupyter_core/utils/__init__.py", line 165, in wrapped
    return loop.run_until_complete(inner)
           ^^^^^^^^^^^^^^^^^^^^^^^^^^^^^^
  File "/Users/cerberus/opt/miniconda3/lib/python3.12/asyncio/base_events.py", line 691, in run_until_complete
    return future.result()
           ^^^^^^^^^^^^^^^
  File "/Users/cerberus/opt/miniconda3/lib/python3.12/site-packages/nbclient/client.py", line 709, in async_execute
    await self.async_execute_cell(
  File "/Users/cerberus/opt/miniconda3/lib/python3.12/site-packages/nbclient/client.py", line 1062, in async_execute_cell
    await self._check_raise_for_error(cell, cell_index, exec_reply)
  File "/Users/cerberus/opt/miniconda3/lib/python3.12/site-packages/nbclient/client.py", line 918, in _check_raise_for_error
    raise CellExecutionError.from_cell_and_msg(cell, exec_reply_content)
nbclient.exceptions.CellExecutionError: An error occurred while executing the following cell:
------------------
l, m = 2, 0
p, t = sympy.symbols('p t')
f = sympy.lambdify((p, t), Z_lm(l, m, p, t), modules='numpy')

t = np.linspace(0, 2 * np.pi, 200)
fig = plt.figure()
ax = fig.add_subplot(111, polar=True)
ax.plot(th, np.abs(f(0, t)))
ax.set_theta_zero_location('N'); # orient 0 degrees to up/north
------------------


[0;31m---------------------------------------------------------------------------[0m
[0;31mNameError[0m                                 Traceback (most recent call last)
Cell [0;32mIn[15], line 8[0m
[1;32m      6[0m fig [38;5;241m=[39m plt[38;5;241m.[39mfigure()
[1;32m      7[0m ax [38;5;241m=[39m fig[38;5;241m.[39madd_subplot([38;5;241m111[39m, polar[38;5;241m=[39m[38;5;28;01mTrue[39;00m)
[0;32m----> 8[0m ax[38;5;241m.[39mplot([43mth[49m, np[38;5;241m.[39mabs(f([38;5;241m0[39m, t)))
[1;32m      9[0m ax[38;5;241m.[39mset_theta_zero_location([38;5;124m'[39m[38;5;124mN[39m[38;5;124m'[39m); [38;5;66;03m# orient 0 degrees to up/north[39;00m

[0;31mNameError[0m: name 'th' is not defined

